0 info it worked if it ends with ok
1 verbose cli [ 'D:\\nodejs\\node.exe',
1 verbose cli   'D:\\nodejs\\node_modules\\npm\\bin\\npm-cli.js',
1 verbose cli   'run',
1 verbose cli   'lite' ]
2 info using npm@3.10.5
3 info using node@v4.4.7
4 verbose run-script [ 'prelite', 'lite', 'postlite' ]
5 info lifecycle mgmWebApp@1.0.0~prelite: mgmWebApp@1.0.0
6 silly lifecycle mgmWebApp@1.0.0~prelite: no script for prelite, continuing
7 info lifecycle mgmWebApp@1.0.0~lite: mgmWebApp@1.0.0
8 verbose lifecycle mgmWebApp@1.0.0~lite: unsafe-perm in lifecycle true
9 verbose lifecycle mgmWebApp@1.0.0~lite: PATH: D:\nodejs\node_modules\npm\bin\node-gyp-bin;D:\JavaScriptProgs\WebAppAngular2\node_modules\.bin;D:\nodejs;D:\nodejs\node_modules\npm\bin\node-gyp-bin;D:\JavaScriptProgs\WebAppAngular2\node_modules\.bin;D:\nodejs;C:\WINDOWS\system32;C:\WINDOWS;C:\WINDOWS\System32\Wbem;C:\WINDOWS\System32\WindowsPowerShell\v1.0\;C:\Program Files\Intel\WiFi\bin\;C:\Program Files\Common Files\Intel\WirelessCommon\;C:\Users\kama\.dnx\bin;C:\Program Files\Microsoft DNX\Dnvm\;D:\nodejs\;C:\Program Files\Git\cmd;C:\Users\kama\AppData\Local\Programs\Python\Python35-32;C:\Program Files\Microsoft SQL Server\130\Tools\Binn\;C:\Program Files (x86)\Windows Kits\10\Windows Performance Toolkit\;C:\Users\kama\AppData\Local\atom\bin;D:\Tools\Microsoft VS Code\bin;C:\Users\kama\AppData\Roaming\npm;C:\Users\kama\AppData\Local\Microsoft\WindowsApps;C:\Python27
10 verbose lifecycle mgmWebApp@1.0.0~lite: CWD: D:\JavaScriptProgs\WebAppAngular2
11 silly lifecycle mgmWebApp@1.0.0~lite: Args: [ '/d /s /c', 'lite-server' ]
12 silly lifecycle mgmWebApp@1.0.0~lite: Returned: code: 3  signal: null
13 info lifecycle mgmWebApp@1.0.0~lite: Failed to exec lite script
14 verbose stack Error: mgmWebApp@1.0.0 lite: `lite-server`
14 verbose stack Exit status 3
14 verbose stack     at EventEmitter.<anonymous> (D:\nodejs\node_modules\npm\lib\utils\lifecycle.js:242:16)
14 verbose stack     at emitTwo (events.js:87:13)
14 verbose stack     at EventEmitter.emit (events.js:172:7)
14 verbose stack     at ChildProcess.<anonymous> (D:\nodejs\node_modules\npm\lib\utils\spawn.js:40:14)
14 verbose stack     at emitTwo (events.js:87:13)
14 verbose stack     at ChildProcess.emit (events.js:172:7)
14 verbose stack     at maybeClose (internal/child_process.js:827:16)
14 verbose stack     at Process.ChildProcess._handle.onexit (internal/child_process.js:211:5)
15 verbose pkgid mgmWebApp@1.0.0
16 verbose cwd D:\JavaScriptProgs\WebAppAngular2
17 error Windows_NT 10.0.14393
18 error argv "D:\\nodejs\\node.exe" "D:\\nodejs\\node_modules\\npm\\bin\\npm-cli.js" "run" "lite"
19 error node v4.4.7
20 error npm  v3.10.5
21 error code ELIFECYCLE
22 error mgmWebApp@1.0.0 lite: `lite-server`
22 error Exit status 3
23 error Failed at the mgmWebApp@1.0.0 lite script 'lite-server'.
23 error Make sure you have the latest version of node.js and npm installed.
23 error If you do, this is most likely a problem with the mgmWebApp package,
23 error not with npm itself.
23 error Tell the author that this fails on your system:
23 error     lite-server
23 error You can get information on how to open an issue for this project with:
23 error     npm bugs mgmWebApp
23 error Or if that isn't available, you can get their info via:
23 error     npm owner ls mgmWebApp
23 error There is likely additional logging output above.
24 verbose exit [ 1, true ]
